<?xml version="1.0" encoding="UTF-8"?>
<testsuite xmlns:xsi="http://www.w3.org/2001/XMLSchema-instance" xsi:noNamespaceSchemaLocation="https://maven.apache.org/surefire/maven-surefire-plugin/xsd/surefire-test-report.xsd" version="3.0.1" name="fr.univtln.yann.tp.AppTest" time="0.063" tests="1" errors="0" skipped="0" failures="0">
  <properties>
    <property name="java.specification.version" value="21"/>
    <property name="sun.jnu.encoding" value="UTF-8"/>
    <property name="java.class.path" value="/home/yann/Bureau/CV/SolarSystem/target/test-classes:/home/yann/Bureau/CV/SolarSystem/target/classes:/home/yann/.m2/repository/org/junit/jupiter/junit-jupiter-api/5.11.0/junit-jupiter-api-5.11.0.jar:/home/yann/.m2/repository/org/opentest4j/opentest4j/1.3.0/opentest4j-1.3.0.jar:/home/yann/.m2/repository/org/junit/platform/junit-platform-commons/1.11.0/junit-platform-commons-1.11.0.jar:/home/yann/.m2/repository/org/apiguardian/apiguardian-api/1.1.2/apiguardian-api-1.1.2.jar:/home/yann/.m2/repository/org/junit/jupiter/junit-jupiter-params/5.11.0/junit-jupiter-params-5.11.0.jar:/home/yann/.m2/repository/org/jmonkeyengine/jme3-core/3.6.1-stable/jme3-core-3.6.1-stable.jar:/home/yann/.m2/repository/org/jmonkeyengine/jme3-desktop/3.6.1-stable/jme3-desktop-3.6.1-stable.jar:/home/yann/.m2/repository/org/jmonkeyengine/jme3-effects/3.6.1-stable/jme3-effects-3.6.1-stable.jar:/home/yann/.m2/repository/org/jmonkeyengine/jme3-jbullet/3.6.1-stable/jme3-jbullet-3.6.1-stable.jar:/home/yann/.m2/repository/com/github/stephengold/jbullet/1.0.2/jbullet-1.0.2.jar:/home/yann/.m2/repository/com/github/stephengold/stack-alloc/1.0.2/stack-alloc-1.0.2.jar:/home/yann/.m2/repository/javax/vecmath/vecmath/1.5.2/vecmath-1.5.2.jar:/home/yann/.m2/repository/org/jmonkeyengine/jme3-jogg/3.6.1-stable/jme3-jogg-3.6.1-stable.jar:/home/yann/.m2/repository/com/github/stephengold/j-ogg-vorbis/1.0.3/j-ogg-vorbis-1.0.3.jar:/home/yann/.m2/repository/org/jmonkeyengine/jme3-lwjgl3/3.6.1-stable/jme3-lwjgl3-3.6.1-stable.jar:/home/yann/.m2/repository/org/lwjgl/lwjgl/3.3.2/lwjgl-3.3.2.jar:/home/yann/.m2/repository/org/lwjgl/lwjgl-glfw/3.3.2/lwjgl-glfw-3.3.2.jar:/home/yann/.m2/repository/org/lwjgl/lwjgl-jemalloc/3.3.2/lwjgl-jemalloc-3.3.2.jar:/home/yann/.m2/repository/org/lwjgl/lwjgl-openal/3.3.2/lwjgl-openal-3.3.2.jar:/home/yann/.m2/repository/org/lwjgl/lwjgl-opencl/3.3.2/lwjgl-opencl-3.3.2.jar:/home/yann/.m2/repository/org/lwjgl/lwjgl-opengl/3.3.2/lwjgl-opengl-3.3.2.jar:/home/yann/.m2/repository/org/lwjgl/lwjgl/3.3.2/lwjgl-3.3.2-natives-windows.jar:/home/yann/.m2/repository/org/lwjgl/lwjgl/3.3.2/lwjgl-3.3.2-natives-windows-x86.jar:/home/yann/.m2/repository/org/lwjgl/lwjgl/3.3.2/lwjgl-3.3.2-natives-linux.jar:/home/yann/.m2/repository/org/lwjgl/lwjgl/3.3.2/lwjgl-3.3.2-natives-linux-arm32.jar:/home/yann/.m2/repository/org/lwjgl/lwjgl/3.3.2/lwjgl-3.3.2-natives-linux-arm64.jar:/home/yann/.m2/repository/org/lwjgl/lwjgl/3.3.2/lwjgl-3.3.2-natives-macos.jar:/home/yann/.m2/repository/org/lwjgl/lwjgl/3.3.2/lwjgl-3.3.2-natives-macos-arm64.jar:/home/yann/.m2/repository/org/lwjgl/lwjgl-glfw/3.3.2/lwjgl-glfw-3.3.2-natives-windows.jar:/home/yann/.m2/repository/org/lwjgl/lwjgl-glfw/3.3.2/lwjgl-glfw-3.3.2-natives-windows-x86.jar:/home/yann/.m2/repository/org/lwjgl/lwjgl-glfw/3.3.2/lwjgl-glfw-3.3.2-natives-linux.jar:/home/yann/.m2/repository/org/lwjgl/lwjgl-glfw/3.3.2/lwjgl-glfw-3.3.2-natives-linux-arm32.jar:/home/yann/.m2/repository/org/lwjgl/lwjgl-glfw/3.3.2/lwjgl-glfw-3.3.2-natives-linux-arm64.jar:/home/yann/.m2/repository/org/lwjgl/lwjgl-glfw/3.3.2/lwjgl-glfw-3.3.2-natives-macos.jar:/home/yann/.m2/repository/org/lwjgl/lwjgl-glfw/3.3.2/lwjgl-glfw-3.3.2-natives-macos-arm64.jar:/home/yann/.m2/repository/org/lwjgl/lwjgl-jemalloc/3.3.2/lwjgl-jemalloc-3.3.2-natives-windows.jar:/home/yann/.m2/repository/org/lwjgl/lwjgl-jemalloc/3.3.2/lwjgl-jemalloc-3.3.2-natives-windows-x86.jar:/home/yann/.m2/repository/org/lwjgl/lwjgl-jemalloc/3.3.2/lwjgl-jemalloc-3.3.2-natives-linux.jar:/home/yann/.m2/repository/org/lwjgl/lwjgl-jemalloc/3.3.2/lwjgl-jemalloc-3.3.2-natives-linux-arm32.jar:/home/yann/.m2/repository/org/lwjgl/lwjgl-jemalloc/3.3.2/lwjgl-jemalloc-3.3.2-natives-linux-arm64.jar:/home/yann/.m2/repository/org/lwjgl/lwjgl-jemalloc/3.3.2/lwjgl-jemalloc-3.3.2-natives-macos.jar:/home/yann/.m2/repository/org/lwjgl/lwjgl-jemalloc/3.3.2/lwjgl-jemalloc-3.3.2-natives-macos-arm64.jar:/home/yann/.m2/repository/org/lwjgl/lwjgl-opengl/3.3.2/lwjgl-opengl-3.3.2-natives-windows.jar:/home/yann/.m2/repository/org/lwjgl/lwjgl-opengl/3.3.2/lwjgl-opengl-3.3.2-natives-windows-x86.jar:/home/yann/.m2/repository/org/lwjgl/lwjgl-opengl/3.3.2/lwjgl-opengl-3.3.2-natives-linux.jar:/home/yann/.m2/repository/org/lwjgl/lwjgl-opengl/3.3.2/lwjgl-opengl-3.3.2-natives-linux-arm32.jar:/home/yann/.m2/repository/org/lwjgl/lwjgl-opengl/3.3.2/lwjgl-opengl-3.3.2-natives-linux-arm64.jar:/home/yann/.m2/repository/org/lwjgl/lwjgl-opengl/3.3.2/lwjgl-opengl-3.3.2-natives-macos.jar:/home/yann/.m2/repository/org/lwjgl/lwjgl-opengl/3.3.2/lwjgl-opengl-3.3.2-natives-macos-arm64.jar:/home/yann/.m2/repository/org/lwjgl/lwjgl-openal/3.3.2/lwjgl-openal-3.3.2-natives-windows.jar:/home/yann/.m2/repository/org/lwjgl/lwjgl-openal/3.3.2/lwjgl-openal-3.3.2-natives-windows-x86.jar:/home/yann/.m2/repository/org/lwjgl/lwjgl-openal/3.3.2/lwjgl-openal-3.3.2-natives-linux.jar:/home/yann/.m2/repository/org/lwjgl/lwjgl-openal/3.3.2/lwjgl-openal-3.3.2-natives-linux-arm32.jar:/home/yann/.m2/repository/org/lwjgl/lwjgl-openal/3.3.2/lwjgl-openal-3.3.2-natives-linux-arm64.jar:/home/yann/.m2/repository/org/lwjgl/lwjgl-openal/3.3.2/lwjgl-openal-3.3.2-natives-macos.jar:/home/yann/.m2/repository/org/lwjgl/lwjgl-openal/3.3.2/lwjgl-openal-3.3.2-natives-macos-arm64.jar:/home/yann/.m2/repository/org/jmonkeyengine/jme3-networking/3.6.1-stable/jme3-networking-3.6.1-stable.jar:/home/yann/.m2/repository/org/jmonkeyengine/jme3-niftygui/3.6.1-stable/jme3-niftygui-3.6.1-stable.jar:/home/yann/.m2/repository/com/github/nifty-gui/nifty/1.4.3/nifty-1.4.3.jar:/home/yann/.m2/repository/xpp3/xpp3/1.1.4c/xpp3-1.1.4c.jar:/home/yann/.m2/repository/com/google/code/findbugs/jsr305/2.0.2/jsr305-2.0.2.jar:/home/yann/.m2/repository/com/github/nifty-gui/nifty-default-controls/1.4.3/nifty-default-controls-1.4.3.jar:/home/yann/.m2/repository/com/github/nifty-gui/nifty-style-black/1.4.3/nifty-style-black-1.4.3.jar:/home/yann/.m2/repository/org/jmonkeyengine/jme3-plugins/3.6.1-stable/jme3-plugins-3.6.1-stable.jar:/home/yann/.m2/repository/com/google/code/gson/gson/2.9.1/gson-2.9.1.jar:/home/yann/.m2/repository/org/jmonkeyengine/jme3-terrain/3.6.1-stable/jme3-terrain-3.6.1-stable.jar:/home/yann/.m2/repository/org/jmonkeyengine/jme3-testdata/3.6.1-stable/jme3-testdata-3.6.1-stable.jar:/home/yann/.m2/repository/org/jmonkeyengine/jme3-vr/3.6.1-stable/jme3-vr-3.6.1-stable.jar:/home/yann/.m2/repository/org/lwjgl/lwjgl-ovr/3.3.2/lwjgl-ovr-3.3.2.jar:/home/yann/.m2/repository/org/lwjgl/lwjgl-openvr/3.3.2/lwjgl-openvr-3.3.2.jar:/home/yann/.m2/repository/net/java/dev/jna/jna/5.10.0/jna-5.10.0.jar:/home/yann/.m2/repository/com/nativelibs4java/jnaerator-runtime/0.12/jnaerator-runtime-0.12.jar:/home/yann/.m2/repository/com/nativelibs4java/ochafik-util/0.12/ochafik-util-0.12.jar:/home/yann/.m2/repository/org/lwjgl/lwjgl-openvr/3.3.2/lwjgl-openvr-3.3.2-natives-linux.jar:/home/yann/.m2/repository/org/lwjgl/lwjgl-openvr/3.3.2/lwjgl-openvr-3.3.2-natives-macos.jar:/home/yann/.m2/repository/org/lwjgl/lwjgl-ovr/3.3.2/lwjgl-ovr-3.3.2-natives-windows.jar:/home/yann/.m2/repository/org/lwjgl/lwjgl-openvr/3.3.2/lwjgl-openvr-3.3.2-natives-windows.jar:"/>
    <property name="java.vm.vendor" value="Eclipse Adoptium"/>
    <property name="sun.arch.data.model" value="64"/>
    <property name="java.vendor.url" value="https://adoptium.net/"/>
    <property name="os.name" value="Linux"/>
    <property name="java.vm.specification.version" value="21"/>
    <property name="sun.java.launcher" value="SUN_STANDARD"/>
    <property name="user.country" value="FR"/>
    <property name="sun.boot.library.path" value="/home/yann/.sdkman/candidates/java/21.0.5-tem/lib"/>
    <property name="sun.java.command" value="/home/yann/Bureau/CV/SolarSystem/target/surefire/surefirebooter-20250305171518900_3.jar /home/yann/Bureau/CV/SolarSystem/target/surefire 2025-03-05T17-15-18_199-jvmRun1 surefire-20250305171518900_1tmp surefire_0-20250305171518900_2tmp"/>
    <property name="jdk.debug" value="release"/>
    <property name="surefire.test.class.path" value="/home/yann/Bureau/CV/SolarSystem/target/test-classes:/home/yann/Bureau/CV/SolarSystem/target/classes:/home/yann/.m2/repository/org/junit/jupiter/junit-jupiter-api/5.11.0/junit-jupiter-api-5.11.0.jar:/home/yann/.m2/repository/org/opentest4j/opentest4j/1.3.0/opentest4j-1.3.0.jar:/home/yann/.m2/repository/org/junit/platform/junit-platform-commons/1.11.0/junit-platform-commons-1.11.0.jar:/home/yann/.m2/repository/org/apiguardian/apiguardian-api/1.1.2/apiguardian-api-1.1.2.jar:/home/yann/.m2/repository/org/junit/jupiter/junit-jupiter-params/5.11.0/junit-jupiter-params-5.11.0.jar:/home/yann/.m2/repository/org/jmonkeyengine/jme3-core/3.6.1-stable/jme3-core-3.6.1-stable.jar:/home/yann/.m2/repository/org/jmonkeyengine/jme3-desktop/3.6.1-stable/jme3-desktop-3.6.1-stable.jar:/home/yann/.m2/repository/org/jmonkeyengine/jme3-effects/3.6.1-stable/jme3-effects-3.6.1-stable.jar:/home/yann/.m2/repository/org/jmonkeyengine/jme3-jbullet/3.6.1-stable/jme3-jbullet-3.6.1-stable.jar:/home/yann/.m2/repository/com/github/stephengold/jbullet/1.0.2/jbullet-1.0.2.jar:/home/yann/.m2/repository/com/github/stephengold/stack-alloc/1.0.2/stack-alloc-1.0.2.jar:/home/yann/.m2/repository/javax/vecmath/vecmath/1.5.2/vecmath-1.5.2.jar:/home/yann/.m2/repository/org/jmonkeyengine/jme3-jogg/3.6.1-stable/jme3-jogg-3.6.1-stable.jar:/home/yann/.m2/repository/com/github/stephengold/j-ogg-vorbis/1.0.3/j-ogg-vorbis-1.0.3.jar:/home/yann/.m2/repository/org/jmonkeyengine/jme3-lwjgl3/3.6.1-stable/jme3-lwjgl3-3.6.1-stable.jar:/home/yann/.m2/repository/org/lwjgl/lwjgl/3.3.2/lwjgl-3.3.2.jar:/home/yann/.m2/repository/org/lwjgl/lwjgl-glfw/3.3.2/lwjgl-glfw-3.3.2.jar:/home/yann/.m2/repository/org/lwjgl/lwjgl-jemalloc/3.3.2/lwjgl-jemalloc-3.3.2.jar:/home/yann/.m2/repository/org/lwjgl/lwjgl-openal/3.3.2/lwjgl-openal-3.3.2.jar:/home/yann/.m2/repository/org/lwjgl/lwjgl-opencl/3.3.2/lwjgl-opencl-3.3.2.jar:/home/yann/.m2/repository/org/lwjgl/lwjgl-opengl/3.3.2/lwjgl-opengl-3.3.2.jar:/home/yann/.m2/repository/org/lwjgl/lwjgl/3.3.2/lwjgl-3.3.2-natives-windows.jar:/home/yann/.m2/repository/org/lwjgl/lwjgl/3.3.2/lwjgl-3.3.2-natives-windows-x86.jar:/home/yann/.m2/repository/org/lwjgl/lwjgl/3.3.2/lwjgl-3.3.2-natives-linux.jar:/home/yann/.m2/repository/org/lwjgl/lwjgl/3.3.2/lwjgl-3.3.2-natives-linux-arm32.jar:/home/yann/.m2/repository/org/lwjgl/lwjgl/3.3.2/lwjgl-3.3.2-natives-linux-arm64.jar:/home/yann/.m2/repository/org/lwjgl/lwjgl/3.3.2/lwjgl-3.3.2-natives-macos.jar:/home/yann/.m2/repository/org/lwjgl/lwjgl/3.3.2/lwjgl-3.3.2-natives-macos-arm64.jar:/home/yann/.m2/repository/org/lwjgl/lwjgl-glfw/3.3.2/lwjgl-glfw-3.3.2-natives-windows.jar:/home/yann/.m2/repository/org/lwjgl/lwjgl-glfw/3.3.2/lwjgl-glfw-3.3.2-natives-windows-x86.jar:/home/yann/.m2/repository/org/lwjgl/lwjgl-glfw/3.3.2/lwjgl-glfw-3.3.2-natives-linux.jar:/home/yann/.m2/repository/org/lwjgl/lwjgl-glfw/3.3.2/lwjgl-glfw-3.3.2-natives-linux-arm32.jar:/home/yann/.m2/repository/org/lwjgl/lwjgl-glfw/3.3.2/lwjgl-glfw-3.3.2-natives-linux-arm64.jar:/home/yann/.m2/repository/org/lwjgl/lwjgl-glfw/3.3.2/lwjgl-glfw-3.3.2-natives-macos.jar:/home/yann/.m2/repository/org/lwjgl/lwjgl-glfw/3.3.2/lwjgl-glfw-3.3.2-natives-macos-arm64.jar:/home/yann/.m2/repository/org/lwjgl/lwjgl-jemalloc/3.3.2/lwjgl-jemalloc-3.3.2-natives-windows.jar:/home/yann/.m2/repository/org/lwjgl/lwjgl-jemalloc/3.3.2/lwjgl-jemalloc-3.3.2-natives-windows-x86.jar:/home/yann/.m2/repository/org/lwjgl/lwjgl-jemalloc/3.3.2/lwjgl-jemalloc-3.3.2-natives-linux.jar:/home/yann/.m2/repository/org/lwjgl/lwjgl-jemalloc/3.3.2/lwjgl-jemalloc-3.3.2-natives-linux-arm32.jar:/home/yann/.m2/repository/org/lwjgl/lwjgl-jemalloc/3.3.2/lwjgl-jemalloc-3.3.2-natives-linux-arm64.jar:/home/yann/.m2/repository/org/lwjgl/lwjgl-jemalloc/3.3.2/lwjgl-jemalloc-3.3.2-natives-macos.jar:/home/yann/.m2/repository/org/lwjgl/lwjgl-jemalloc/3.3.2/lwjgl-jemalloc-3.3.2-natives-macos-arm64.jar:/home/yann/.m2/repository/org/lwjgl/lwjgl-opengl/3.3.2/lwjgl-opengl-3.3.2-natives-windows.jar:/home/yann/.m2/repository/org/lwjgl/lwjgl-opengl/3.3.2/lwjgl-opengl-3.3.2-natives-windows-x86.jar:/home/yann/.m2/repository/org/lwjgl/lwjgl-opengl/3.3.2/lwjgl-opengl-3.3.2-natives-linux.jar:/home/yann/.m2/repository/org/lwjgl/lwjgl-opengl/3.3.2/lwjgl-opengl-3.3.2-natives-linux-arm32.jar:/home/yann/.m2/repository/org/lwjgl/lwjgl-opengl/3.3.2/lwjgl-opengl-3.3.2-natives-linux-arm64.jar:/home/yann/.m2/repository/org/lwjgl/lwjgl-opengl/3.3.2/lwjgl-opengl-3.3.2-natives-macos.jar:/home/yann/.m2/repository/org/lwjgl/lwjgl-opengl/3.3.2/lwjgl-opengl-3.3.2-natives-macos-arm64.jar:/home/yann/.m2/repository/org/lwjgl/lwjgl-openal/3.3.2/lwjgl-openal-3.3.2-natives-windows.jar:/home/yann/.m2/repository/org/lwjgl/lwjgl-openal/3.3.2/lwjgl-openal-3.3.2-natives-windows-x86.jar:/home/yann/.m2/repository/org/lwjgl/lwjgl-openal/3.3.2/lwjgl-openal-3.3.2-natives-linux.jar:/home/yann/.m2/repository/org/lwjgl/lwjgl-openal/3.3.2/lwjgl-openal-3.3.2-natives-linux-arm32.jar:/home/yann/.m2/repository/org/lwjgl/lwjgl-openal/3.3.2/lwjgl-openal-3.3.2-natives-linux-arm64.jar:/home/yann/.m2/repository/org/lwjgl/lwjgl-openal/3.3.2/lwjgl-openal-3.3.2-natives-macos.jar:/home/yann/.m2/repository/org/lwjgl/lwjgl-openal/3.3.2/lwjgl-openal-3.3.2-natives-macos-arm64.jar:/home/yann/.m2/repository/org/jmonkeyengine/jme3-networking/3.6.1-stable/jme3-networking-3.6.1-stable.jar:/home/yann/.m2/repository/org/jmonkeyengine/jme3-niftygui/3.6.1-stable/jme3-niftygui-3.6.1-stable.jar:/home/yann/.m2/repository/com/github/nifty-gui/nifty/1.4.3/nifty-1.4.3.jar:/home/yann/.m2/repository/xpp3/xpp3/1.1.4c/xpp3-1.1.4c.jar:/home/yann/.m2/repository/com/google/code/findbugs/jsr305/2.0.2/jsr305-2.0.2.jar:/home/yann/.m2/repository/com/github/nifty-gui/nifty-default-controls/1.4.3/nifty-default-controls-1.4.3.jar:/home/yann/.m2/repository/com/github/nifty-gui/nifty-style-black/1.4.3/nifty-style-black-1.4.3.jar:/home/yann/.m2/repository/org/jmonkeyengine/jme3-plugins/3.6.1-stable/jme3-plugins-3.6.1-stable.jar:/home/yann/.m2/repository/com/google/code/gson/gson/2.9.1/gson-2.9.1.jar:/home/yann/.m2/repository/org/jmonkeyengine/jme3-terrain/3.6.1-stable/jme3-terrain-3.6.1-stable.jar:/home/yann/.m2/repository/org/jmonkeyengine/jme3-testdata/3.6.1-stable/jme3-testdata-3.6.1-stable.jar:/home/yann/.m2/repository/org/jmonkeyengine/jme3-vr/3.6.1-stable/jme3-vr-3.6.1-stable.jar:/home/yann/.m2/repository/org/lwjgl/lwjgl-ovr/3.3.2/lwjgl-ovr-3.3.2.jar:/home/yann/.m2/repository/org/lwjgl/lwjgl-openvr/3.3.2/lwjgl-openvr-3.3.2.jar:/home/yann/.m2/repository/net/java/dev/jna/jna/5.10.0/jna-5.10.0.jar:/home/yann/.m2/repository/com/nativelibs4java/jnaerator-runtime/0.12/jnaerator-runtime-0.12.jar:/home/yann/.m2/repository/com/nativelibs4java/ochafik-util/0.12/ochafik-util-0.12.jar:/home/yann/.m2/repository/org/lwjgl/lwjgl-openvr/3.3.2/lwjgl-openvr-3.3.2-natives-linux.jar:/home/yann/.m2/repository/org/lwjgl/lwjgl-openvr/3.3.2/lwjgl-openvr-3.3.2-natives-macos.jar:/home/yann/.m2/repository/org/lwjgl/lwjgl-ovr/3.3.2/lwjgl-ovr-3.3.2-natives-windows.jar:/home/yann/.m2/repository/org/lwjgl/lwjgl-openvr/3.3.2/lwjgl-openvr-3.3.2-natives-windows.jar:"/>
    <property name="sun.cpu.endian" value="little"/>
    <property name="user.home" value="/home/yann"/>
    <property name="user.language" value="fr"/>
    <property name="java.specification.vendor" value="Oracle Corporation"/>
    <property name="java.version.date" value="2024-10-15"/>
    <property name="java.home" value="/home/yann/.sdkman/candidates/java/21.0.5-tem"/>
    <property name="file.separator" value="/"/>
    <property name="basedir" value="/home/yann/Bureau/CV/SolarSystem"/>
    <property name="java.vm.compressedOopsMode" value="32-bit"/>
    <property name="line.separator" value="&#10;"/>
    <property name="java.specification.name" value="Java Platform API Specification"/>
    <property name="java.vm.specification.vendor" value="Oracle Corporation"/>
    <property name="surefire.real.class.path" value="/home/yann/Bureau/CV/SolarSystem/target/surefire/surefirebooter-20250305171518900_3.jar"/>
    <property name="sun.management.compiler" value="HotSpot 64-Bit Tiered Compilers"/>
    <property name="java.runtime.version" value="21.0.5+11-LTS"/>
    <property name="user.name" value="yann"/>
    <property name="stdout.encoding" value="UTF-8"/>
    <property name="path.separator" value=":"/>
    <property name="os.version" value="6.8.0-52-generic"/>
    <property name="java.runtime.name" value="OpenJDK Runtime Environment"/>
    <property name="file.encoding" value="UTF-8"/>
    <property name="java.vm.name" value="OpenJDK 64-Bit Server VM"/>
    <property name="java.vendor.version" value="Temurin-21.0.5+11"/>
    <property name="localRepository" value="/home/yann/.m2/repository"/>
    <property name="java.vendor.url.bug" value="https://github.com/adoptium/adoptium-support/issues"/>
    <property name="java.io.tmpdir" value="/tmp"/>
    <property name="java.version" value="21.0.5"/>
    <property name="user.dir" value="/home/yann/Bureau/CV/SolarSystem"/>
    <property name="os.arch" value="amd64"/>
    <property name="java.vm.specification.name" value="Java Virtual Machine Specification"/>
    <property name="native.encoding" value="UTF-8"/>
    <property name="java.library.path" value="/usr/java/packages/lib:/usr/lib64:/lib64:/lib:/usr/lib"/>
    <property name="java.vm.info" value="mixed mode, sharing"/>
    <property name="stderr.encoding" value="UTF-8"/>
    <property name="java.vendor" value="Eclipse Adoptium"/>
    <property name="java.vm.version" value="21.0.5+11-LTS"/>
    <property name="sun.io.unicode.encoding" value="UnicodeLittle"/>
    <property name="java.class.version" value="65.0"/>
  </properties>
  <testcase name="shouldAnswerWithTrue" classname="fr.univtln.yann.tp.AppTest" time="0.036"/>
</testsuite>